<?xml version="1.0" encoding="UTF-8"?>
<coverage generated="1697816427617" clover="3.2.0">
  <project timestamp="1697816427617" name="All files">
    <metrics statements="12" coveredstatements="7" conditionals="2" coveredconditionals="0" methods="3" coveredmethods="0" elements="17" coveredelements="7" complexity="0" loc="12" ncloc="12" packages="1" files="1" classes="1"/>
    <file name="auth.js" path="/Users/edgardavidcure/Desktop/goal-tracker-api/src/routes/auth.js">
      <metrics statements="12" coveredstatements="7" conditionals="2" coveredconditionals="0" methods="3" coveredmethods="0"/>
      <line num="1" count="1" type="stmt"/>
      <line num="2" count="1" type="stmt"/>
      <line num="3" count="1" type="stmt"/>
      <line num="6" count="1" type="stmt"/>
      <line num="9" count="1" type="stmt"/>
      <line num="15" count="0" type="stmt"/>
      <line num="22" count="1" type="stmt"/>
      <line num="23" count="0" type="stmt"/>
      <line num="24" count="0" type="cond" truecount="0" falsecount="2"/>
      <line num="25" count="0" type="stmt"/>
      <line num="27" count="0" type="stmt"/>
      <line num="31" count="1" type="stmt"/>
    </file>
  </project>
</coverage>
