{"C:\\Users\\12404\\Desktop\\Fall 2023\\cse-341\\week-5\\goal-tracker-web-service\\index.js": {"path":"C:\\Users\\12404\\Desktop\\Fall 2023\\cse-341\\week-5\\goal-tracker-web-service\\index.js","statementMap":{"0":{"start":{"line":1,"column":16},"end":{"line":1,"column":34}},"1":{"start":{"line":2,"column":19},"end":{"line":2,"column":41}},"2":{"start":{"line":3,"column":15},"end":{"line":3,"column":44}},"3":{"start":{"line":4,"column":16},"end":{"line":4,"column":50}},"4":{"start":{"line":5,"column":15},"end":{"line":5,"column":44}},"5":{"start":{"line":6,"column":17},"end":{"line":6,"column":36}},"6":{"start":{"line":7,"column":16},"end":{"line":7,"column":42}},"7":{"start":{"line":8,"column":19},"end":{"line":8,"column":62}},"8":{"start":{"line":10,"column":0},"end":{"line":10,"column":43}},"9":{"start":{"line":12,"column":13},"end":{"line":12,"column":32}},"10":{"start":{"line":14,"column":12},"end":{"line":14,"column":21}},"11":{"start":{"line":16,"column":0},"end":{"line":16,"column":52}},"12":{"start":{"line":18,"column":0},"end":{"line":18,"column":27}},"13":{"start":{"line":20,"column":0},"end":{"line":32,"column":3}},"14":{"start":{"line":21,"column":2},"end":{"line":23,"column":5}},"15":{"start":{"line":24,"column":2},"end":{"line":26,"column":5}},"16":{"start":{"line":27,"column":2},"end":{"line":29,"column":5}},"17":{"start":{"line":31,"column":2},"end":{"line":31,"column":9}},"18":{"start":{"line":34,"column":0},"end":{"line":41,"column":2}},"19":{"start":{"line":43,"column":0},"end":{"line":43,"column":31}},"20":{"start":{"line":44,"column":0},"end":{"line":44,"column":28}},"21":{"start":{"line":46,"column":0},"end":{"line":46,"column":21}},"22":{"start":{"line":47,"column":0},"end":{"line":47,"column":47}},"23":{"start":{"line":48,"column":0},"end":{"line":50,"column":3}},"24":{"start":{"line":49,"column":2},"end":{"line":49,"column":49}},"25":{"start":{"line":52,"column":0},"end":{"line":54,"column":3}},"26":{"start":{"line":53,"column":2},"end":{"line":53,"column":95}},"27":{"start":{"line":58,"column":0},"end":{"line":64,"column":3}},"28":{"start":{"line":59,"column":2},"end":{"line":63,"column":3}},"29":{"start":{"line":60,"column":4},"end":{"line":60,"column":21}},"30":{"start":{"line":62,"column":4},"end":{"line":62,"column":76}},"31":{"start":{"line":62,"column":27},"end":{"line":62,"column":74}},"32":{"start":{"line":66,"column":0},"end":{"line":66,"column":21}}},"fnMap":{"0":{"name":"(anonymous_0)","decl":{"start":{"line":20,"column":8},"end":{"line":20,"column":9}},"loc":{"start":{"line":20,"column":28},"end":{"line":32,"column":1}},"line":20},"1":{"name":"(anonymous_1)","decl":{"start":{"line":48,"column":8},"end":{"line":48,"column":9}},"loc":{"start":{"line":48,"column":33},"end":{"line":50,"column":1}},"line":48},"2":{"name":"(anonymous_2)","decl":{"start":{"line":52,"column":32},"end":{"line":52,"column":33}},"loc":{"start":{"line":52,"column":49},"end":{"line":54,"column":1}},"line":52},"3":{"name":"(anonymous_3)","decl":{"start":{"line":58,"column":15},"end":{"line":58,"column":16}},"loc":{"start":{"line":58,"column":27},"end":{"line":64,"column":1}},"line":58},"4":{"name":"(anonymous_4)","decl":{"start":{"line":62,"column":21},"end":{"line":62,"column":22}},"loc":{"start":{"line":62,"column":27},"end":{"line":62,"column":74}},"line":62}},"branchMap":{"0":{"loc":{"start":{"line":12,"column":13},"end":{"line":12,"column":32}},"type":"binary-expr","locations":[{"start":{"line":12,"column":13},"end":{"line":12,"column":24}},{"start":{"line":12,"column":28},"end":{"line":12,"column":32}}],"line":12},"1":{"loc":{"start":{"line":59,"column":2},"end":{"line":63,"column":3}},"type":"if","locations":[{"start":{"line":59,"column":2},"end":{"line":63,"column":3}},{"start":{"line":61,"column":9},"end":{"line":63,"column":3}}],"line":59}},"s":{"0":1,"1":1,"2":1,"3":1,"4":1,"5":1,"6":1,"7":1,"8":1,"9":1,"10":1,"11":1,"12":1,"13":1,"14":2,"15":2,"16":2,"17":2,"18":1,"19":1,"20":1,"21":1,"22":1,"23":1,"24":0,"25":1,"26":0,"27":1,"28":1,"29":0,"30":1,"31":1,"32":1},"f":{"0":2,"1":0,"2":0,"3":1,"4":1},"b":{"0":[1,0],"1":[0,1]},"_coverageSchema":"1a1c01bbd47fc00a2c39e90264f33305004495a9","hash":"27169b0b2e28d7eaca6c9cbb5b52644b470f355e"}
,"C:\\Users\\12404\\Desktop\\Fall 2023\\cse-341\\week-5\\goal-tracker-web-service\\src\\config\\index.js": {"path":"C:\\Users\\12404\\Desktop\\Fall 2023\\cse-341\\week-5\\goal-tracker-web-service\\src\\config\\index.js","statementMap":{"0":{"start":{"line":2,"column":15},"end":{"line":2,"column":32}},"1":{"start":{"line":5,"column":0},"end":{"line":5,"column":16}},"2":{"start":{"line":7,"column":0},"end":{"line":12,"column":2}}},"fnMap":{},"branchMap":{},"s":{"0":1,"1":1,"2":1},"f":{},"b":{},"_coverageSchema":"1a1c01bbd47fc00a2c39e90264f33305004495a9","hash":"cae42eb258a0b8132b59c00f97c446b097bcfe15"}
,"C:\\Users\\12404\\Desktop\\Fall 2023\\cse-341\\week-5\\goal-tracker-web-service\\src\\config\\passport.js": {"path":"C:\\Users\\12404\\Desktop\\Fall 2023\\cse-341\\week-5\\goal-tracker-web-service\\src\\config\\passport.js","statementMap":{"0":{"start":{"line":1,"column":23},"end":{"line":1,"column":66}},"1":{"start":{"line":2,"column":16},"end":{"line":2,"column":47}},"2":{"start":{"line":3,"column":15},"end":{"line":3,"column":36}},"3":{"start":{"line":4,"column":0},"end":{"line":42,"column":2}},"4":{"start":{"line":5,"column":2},"end":{"line":33,"column":4}},"5":{"start":{"line":13,"column":24},"end":{"line":19,"column":9}},"6":{"start":{"line":20,"column":8},"end":{"line":30,"column":9}},"7":{"start":{"line":21,"column":21},"end":{"line":21,"column":96}},"8":{"start":{"line":22,"column":10},"end":{"line":27,"column":11}},"9":{"start":{"line":23,"column":12},"end":{"line":23,"column":29}},"10":{"start":{"line":25,"column":12},"end":{"line":25,"column":80}},"11":{"start":{"line":26,"column":12},"end":{"line":26,"column":29}},"12":{"start":{"line":29,"column":10},"end":{"line":29,"column":31}},"13":{"start":{"line":34,"column":2},"end":{"line":37,"column":5}},"14":{"start":{"line":35,"column":4},"end":{"line":35,"column":22}},"15":{"start":{"line":36,"column":4},"end":{"line":36,"column":30}},"16":{"start":{"line":38,"column":2},"end":{"line":41,"column":5}},"17":{"start":{"line":39,"column":17},"end":{"line":39,"column":84}},"18":{"start":{"line":40,"column":4},"end":{"line":40,"column":21}}},"fnMap":{"0":{"name":"(anonymous_0)","decl":{"start":{"line":4,"column":17},"end":{"line":4,"column":18}},"loc":{"start":{"line":4,"column":37},"end":{"line":42,"column":1}},"line":4},"1":{"name":"(anonymous_1)","decl":{"start":{"line":12,"column":6},"end":{"line":12,"column":7}},"loc":{"start":{"line":12,"column":58},"end":{"line":31,"column":7}},"line":12},"2":{"name":"(anonymous_2)","decl":{"start":{"line":34,"column":25},"end":{"line":34,"column":26}},"loc":{"start":{"line":34,"column":47},"end":{"line":37,"column":3}},"line":34},"3":{"name":"(anonymous_3)","decl":{"start":{"line":38,"column":27},"end":{"line":38,"column":28}},"loc":{"start":{"line":38,"column":53},"end":{"line":41,"column":3}},"line":38}},"branchMap":{"0":{"loc":{"start":{"line":22,"column":10},"end":{"line":27,"column":11}},"type":"if","locations":[{"start":{"line":22,"column":10},"end":{"line":27,"column":11}},{"start":{"line":24,"column":17},"end":{"line":27,"column":11}}],"line":22}},"s":{"0":1,"1":1,"2":1,"3":1,"4":1,"5":0,"6":0,"7":0,"8":0,"9":0,"10":0,"11":0,"12":0,"13":1,"14":0,"15":0,"16":1,"17":0,"18":0},"f":{"0":1,"1":0,"2":0,"3":0},"b":{"0":[0,0]},"_coverageSchema":"1a1c01bbd47fc00a2c39e90264f33305004495a9","hash":"ec7a6ee4c518c7229169109bf6cf59104279de72"}
,"C:\\Users\\12404\\Desktop\\Fall 2023\\cse-341\\week-5\\goal-tracker-web-service\\src\\controllers\\categories.controller.js": {"path":"C:\\Users\\12404\\Desktop\\Fall 2023\\cse-341\\week-5\\goal-tracker-web-service\\src\\controllers\\categories.controller.js","statementMap":{"0":{"start":{"line":1,"column":16},"end":{"line":1,"column":47}},"1":{"start":{"line":2,"column":17},"end":{"line":2,"column":44}},"2":{"start":{"line":4,"column":25},"end":{"line":17,"column":1}},"3":{"start":{"line":7,"column":2},"end":{"line":16,"column":3}},"4":{"start":{"line":8,"column":19},"end":{"line":8,"column":72}},"5":{"start":{"line":9,"column":23},"end":{"line":9,"column":45}},"6":{"start":{"line":10,"column":4},"end":{"line":10,"column":54}},"7":{"start":{"line":11,"column":4},"end":{"line":11,"column":37}},"8":{"start":{"line":15,"column":4},"end":{"line":15,"column":16}},"9":{"start":{"line":19,"column":23},"end":{"line":40,"column":1}},"10":{"start":{"line":22,"column":2},"end":{"line":39,"column":3}},"11":{"start":{"line":23,"column":23},"end":{"line":23,"column":50}},"12":{"start":{"line":24,"column":19},"end":{"line":24,"column":91}},"13":{"start":{"line":25,"column":23},"end":{"line":25,"column":45}},"14":{"start":{"line":27,"column":4},"end":{"line":31,"column":5}},"15":{"start":{"line":29,"column":6},"end":{"line":29,"column":61}},"16":{"start":{"line":30,"column":6},"end":{"line":30,"column":13}},"17":{"start":{"line":33,"column":4},"end":{"line":33,"column":54}},"18":{"start":{"line":34,"column":4},"end":{"line":34,"column":40}},"19":{"start":{"line":38,"column":4},"end":{"line":38,"column":16}},"20":{"start":{"line":42,"column":23},"end":{"line":70,"column":1}},"21":{"start":{"line":56,"column":2},"end":{"line":69,"column":3}},"22":{"start":{"line":57,"column":21},"end":{"line":60,"column":5}},"23":{"start":{"line":61,"column":21},"end":{"line":61,"column":87}},"24":{"start":{"line":62,"column":4},"end":{"line":66,"column":5}},"25":{"start":{"line":63,"column":6},"end":{"line":63,"column":29}},"26":{"start":{"line":65,"column":6},"end":{"line":65,"column":100}},"27":{"start":{"line":68,"column":4},"end":{"line":68,"column":16}},"28":{"start":{"line":72,"column":23},"end":{"line":106,"column":1}},"29":{"start":{"line":86,"column":2},"end":{"line":105,"column":3}},"30":{"start":{"line":87,"column":23},"end":{"line":87,"column":50}},"31":{"start":{"line":88,"column":21},"end":{"line":91,"column":5}},"32":{"start":{"line":92,"column":21},"end":{"line":95,"column":48}},"33":{"start":{"line":96,"column":4},"end":{"line":102,"column":5}},"34":{"start":{"line":98,"column":6},"end":{"line":98,"column":29}},"35":{"start":{"line":101,"column":6},"end":{"line":101,"column":96}},"36":{"start":{"line":104,"column":4},"end":{"line":104,"column":16}},"37":{"start":{"line":108,"column":23},"end":{"line":124,"column":1}},"38":{"start":{"line":111,"column":2},"end":{"line":123,"column":3}},"39":{"start":{"line":112,"column":23},"end":{"line":112,"column":50}},"40":{"start":{"line":113,"column":21},"end":{"line":113,"column":98}},"41":{"start":{"line":114,"column":4},"end":{"line":120,"column":5}},"42":{"start":{"line":116,"column":6},"end":{"line":116,"column":29}},"43":{"start":{"line":119,"column":6},"end":{"line":119,"column":96}},"44":{"start":{"line":122,"column":4},"end":{"line":122,"column":16}},"45":{"start":{"line":126,"column":0},"end":{"line":132,"column":2}}},"fnMap":{"0":{"name":"(anonymous_0)","decl":{"start":{"line":4,"column":25},"end":{"line":4,"column":26}},"loc":{"start":{"line":4,"column":51},"end":{"line":17,"column":1}},"line":4},"1":{"name":"(anonymous_1)","decl":{"start":{"line":19,"column":23},"end":{"line":19,"column":24}},"loc":{"start":{"line":19,"column":49},"end":{"line":40,"column":1}},"line":19},"2":{"name":"(anonymous_2)","decl":{"start":{"line":42,"column":23},"end":{"line":42,"column":24}},"loc":{"start":{"line":42,"column":49},"end":{"line":70,"column":1}},"line":42},"3":{"name":"(anonymous_3)","decl":{"start":{"line":72,"column":23},"end":{"line":72,"column":24}},"loc":{"start":{"line":72,"column":49},"end":{"line":106,"column":1}},"line":72},"4":{"name":"(anonymous_4)","decl":{"start":{"line":108,"column":23},"end":{"line":108,"column":24}},"loc":{"start":{"line":108,"column":49},"end":{"line":124,"column":1}},"line":108}},"branchMap":{"0":{"loc":{"start":{"line":27,"column":4},"end":{"line":31,"column":5}},"type":"if","locations":[{"start":{"line":27,"column":4},"end":{"line":31,"column":5}},{"start":{},"end":{}}],"line":27},"1":{"loc":{"start":{"line":62,"column":4},"end":{"line":66,"column":5}},"type":"if","locations":[{"start":{"line":62,"column":4},"end":{"line":66,"column":5}},{"start":{"line":64,"column":11},"end":{"line":66,"column":5}}],"line":62},"2":{"loc":{"start":{"line":65,"column":27},"end":{"line":65,"column":98}},"type":"binary-expr","locations":[{"start":{"line":65,"column":27},"end":{"line":65,"column":41}},{"start":{"line":65,"column":45},"end":{"line":65,"column":98}}],"line":65},"3":{"loc":{"start":{"line":96,"column":4},"end":{"line":102,"column":5}},"type":"if","locations":[{"start":{"line":96,"column":4},"end":{"line":102,"column":5}},{"start":{"line":99,"column":11},"end":{"line":102,"column":5}}],"line":96},"4":{"loc":{"start":{"line":101,"column":27},"end":{"line":101,"column":94}},"type":"binary-expr","locations":[{"start":{"line":101,"column":27},"end":{"line":101,"column":41}},{"start":{"line":101,"column":45},"end":{"line":101,"column":94}}],"line":101},"5":{"loc":{"start":{"line":114,"column":4},"end":{"line":120,"column":5}},"type":"if","locations":[{"start":{"line":114,"column":4},"end":{"line":120,"column":5}},{"start":{"line":117,"column":11},"end":{"line":120,"column":5}}],"line":114},"6":{"loc":{"start":{"line":119,"column":27},"end":{"line":119,"column":94}},"type":"binary-expr","locations":[{"start":{"line":119,"column":27},"end":{"line":119,"column":41}},{"start":{"line":119,"column":45},"end":{"line":119,"column":94}}],"line":119}},"s":{"0":1,"1":1,"2":1,"3":0,"4":0,"5":0,"6":0,"7":0,"8":0,"9":1,"10":0,"11":0,"12":0,"13":0,"14":0,"15":0,"16":0,"17":0,"18":0,"19":0,"20":1,"21":0,"22":0,"23":0,"24":0,"25":0,"26":0,"27":0,"28":1,"29":0,"30":0,"31":0,"32":0,"33":0,"34":0,"35":0,"36":0,"37":1,"38":0,"39":0,"40":0,"41":0,"42":0,"43":0,"44":0,"45":1},"f":{"0":0,"1":0,"2":0,"3":0,"4":0},"b":{"0":[0,0],"1":[0,0],"2":[0,0],"3":[0,0],"4":[0,0],"5":[0,0],"6":[0,0]},"_coverageSchema":"1a1c01bbd47fc00a2c39e90264f33305004495a9","hash":"ddbad1685332ff485fc9df1a64b1c8d3d629ce8a"}
,"C:\\Users\\12404\\Desktop\\Fall 2023\\cse-341\\week-5\\goal-tracker-web-service\\src\\controllers\\comments.controller.js": {"path":"C:\\Users\\12404\\Desktop\\Fall 2023\\cse-341\\week-5\\goal-tracker-web-service\\src\\controllers\\comments.controller.js","statementMap":{"0":{"start":{"line":1,"column":16},"end":{"line":1,"column":47}},"1":{"start":{"line":2,"column":17},"end":{"line":2,"column":44}},"2":{"start":{"line":4,"column":23},"end":{"line":17,"column":1}},"3":{"start":{"line":7,"column":2},"end":{"line":16,"column":3}},"4":{"start":{"line":8,"column":19},"end":{"line":8,"column":70}},"5":{"start":{"line":9,"column":21},"end":{"line":9,"column":43}},"6":{"start":{"line":10,"column":4},"end":{"line":10,"column":54}},"7":{"start":{"line":11,"column":4},"end":{"line":11,"column":35}},"8":{"start":{"line":15,"column":4},"end":{"line":15,"column":16}},"9":{"start":{"line":19,"column":22},"end":{"line":40,"column":1}},"10":{"start":{"line":22,"column":2},"end":{"line":39,"column":3}},"11":{"start":{"line":23,"column":22},"end":{"line":23,"column":49}},"12":{"start":{"line":24,"column":19},"end":{"line":24,"column":88}},"13":{"start":{"line":25,"column":21},"end":{"line":25,"column":43}},"14":{"start":{"line":27,"column":4},"end":{"line":31,"column":5}},"15":{"start":{"line":29,"column":6},"end":{"line":29,"column":59}},"16":{"start":{"line":30,"column":6},"end":{"line":30,"column":13}},"17":{"start":{"line":33,"column":4},"end":{"line":33,"column":54}},"18":{"start":{"line":34,"column":4},"end":{"line":34,"column":38}},"19":{"start":{"line":38,"column":4},"end":{"line":38,"column":16}},"20":{"start":{"line":42,"column":22},"end":{"line":74,"column":1}},"21":{"start":{"line":58,"column":2},"end":{"line":73,"column":3}},"22":{"start":{"line":59,"column":20},"end":{"line":64,"column":5}},"23":{"start":{"line":65,"column":21},"end":{"line":65,"column":84}},"24":{"start":{"line":66,"column":4},"end":{"line":70,"column":5}},"25":{"start":{"line":67,"column":6},"end":{"line":67,"column":29}},"26":{"start":{"line":69,"column":6},"end":{"line":69,"column":99}},"27":{"start":{"line":72,"column":4},"end":{"line":72,"column":16}},"28":{"start":{"line":76,"column":22},"end":{"line":114,"column":1}},"29":{"start":{"line":92,"column":2},"end":{"line":113,"column":3}},"30":{"start":{"line":93,"column":22},"end":{"line":93,"column":49}},"31":{"start":{"line":94,"column":20},"end":{"line":99,"column":5}},"32":{"start":{"line":100,"column":21},"end":{"line":103,"column":46}},"33":{"start":{"line":104,"column":4},"end":{"line":110,"column":5}},"34":{"start":{"line":106,"column":6},"end":{"line":106,"column":29}},"35":{"start":{"line":109,"column":6},"end":{"line":109,"column":95}},"36":{"start":{"line":112,"column":4},"end":{"line":112,"column":16}},"37":{"start":{"line":116,"column":22},"end":{"line":132,"column":1}},"38":{"start":{"line":119,"column":2},"end":{"line":131,"column":3}},"39":{"start":{"line":120,"column":22},"end":{"line":120,"column":49}},"40":{"start":{"line":121,"column":21},"end":{"line":121,"column":95}},"41":{"start":{"line":122,"column":4},"end":{"line":128,"column":5}},"42":{"start":{"line":124,"column":6},"end":{"line":124,"column":29}},"43":{"start":{"line":127,"column":6},"end":{"line":127,"column":95}},"44":{"start":{"line":130,"column":4},"end":{"line":130,"column":16}},"45":{"start":{"line":134,"column":0},"end":{"line":140,"column":2}}},"fnMap":{"0":{"name":"(anonymous_0)","decl":{"start":{"line":4,"column":23},"end":{"line":4,"column":24}},"loc":{"start":{"line":4,"column":49},"end":{"line":17,"column":1}},"line":4},"1":{"name":"(anonymous_1)","decl":{"start":{"line":19,"column":22},"end":{"line":19,"column":23}},"loc":{"start":{"line":19,"column":48},"end":{"line":40,"column":1}},"line":19},"2":{"name":"(anonymous_2)","decl":{"start":{"line":42,"column":22},"end":{"line":42,"column":23}},"loc":{"start":{"line":42,"column":48},"end":{"line":74,"column":1}},"line":42},"3":{"name":"(anonymous_3)","decl":{"start":{"line":76,"column":22},"end":{"line":76,"column":23}},"loc":{"start":{"line":76,"column":48},"end":{"line":114,"column":1}},"line":76},"4":{"name":"(anonymous_4)","decl":{"start":{"line":116,"column":22},"end":{"line":116,"column":23}},"loc":{"start":{"line":116,"column":48},"end":{"line":132,"column":1}},"line":116}},"branchMap":{"0":{"loc":{"start":{"line":27,"column":4},"end":{"line":31,"column":5}},"type":"if","locations":[{"start":{"line":27,"column":4},"end":{"line":31,"column":5}},{"start":{},"end":{}}],"line":27},"1":{"loc":{"start":{"line":66,"column":4},"end":{"line":70,"column":5}},"type":"if","locations":[{"start":{"line":66,"column":4},"end":{"line":70,"column":5}},{"start":{"line":68,"column":11},"end":{"line":70,"column":5}}],"line":66},"2":{"loc":{"start":{"line":69,"column":27},"end":{"line":69,"column":97}},"type":"binary-expr","locations":[{"start":{"line":69,"column":27},"end":{"line":69,"column":41}},{"start":{"line":69,"column":45},"end":{"line":69,"column":97}}],"line":69},"3":{"loc":{"start":{"line":104,"column":4},"end":{"line":110,"column":5}},"type":"if","locations":[{"start":{"line":104,"column":4},"end":{"line":110,"column":5}},{"start":{"line":107,"column":11},"end":{"line":110,"column":5}}],"line":104},"4":{"loc":{"start":{"line":109,"column":27},"end":{"line":109,"column":93}},"type":"binary-expr","locations":[{"start":{"line":109,"column":27},"end":{"line":109,"column":41}},{"start":{"line":109,"column":45},"end":{"line":109,"column":93}}],"line":109},"5":{"loc":{"start":{"line":122,"column":4},"end":{"line":128,"column":5}},"type":"if","locations":[{"start":{"line":122,"column":4},"end":{"line":128,"column":5}},{"start":{"line":125,"column":11},"end":{"line":128,"column":5}}],"line":122},"6":{"loc":{"start":{"line":127,"column":27},"end":{"line":127,"column":93}},"type":"binary-expr","locations":[{"start":{"line":127,"column":27},"end":{"line":127,"column":41}},{"start":{"line":127,"column":45},"end":{"line":127,"column":93}}],"line":127}},"s":{"0":1,"1":1,"2":1,"3":0,"4":0,"5":0,"6":0,"7":0,"8":0,"9":1,"10":0,"11":0,"12":0,"13":0,"14":0,"15":0,"16":0,"17":0,"18":0,"19":0,"20":1,"21":0,"22":0,"23":0,"24":0,"25":0,"26":0,"27":0,"28":1,"29":0,"30":0,"31":0,"32":0,"33":0,"34":0,"35":0,"36":0,"37":1,"38":0,"39":0,"40":0,"41":0,"42":0,"43":0,"44":0,"45":1},"f":{"0":0,"1":0,"2":0,"3":0,"4":0},"b":{"0":[0,0],"1":[0,0],"2":[0,0],"3":[0,0],"4":[0,0],"5":[0,0],"6":[0,0]},"_coverageSchema":"1a1c01bbd47fc00a2c39e90264f33305004495a9","hash":"50e8d91734d4541a15a55d7801984138555bc4ec"}
,"C:\\Users\\12404\\Desktop\\Fall 2023\\cse-341\\week-5\\goal-tracker-web-service\\src\\controllers\\goals.controller.js": {"path":"C:\\Users\\12404\\Desktop\\Fall 2023\\cse-341\\week-5\\goal-tracker-web-service\\src\\controllers\\goals.controller.js","statementMap":{"0":{"start":{"line":1,"column":16},"end":{"line":1,"column":47}},"1":{"start":{"line":2,"column":17},"end":{"line":2,"column":44}},"2":{"start":{"line":4,"column":20},"end":{"line":17,"column":1}},"3":{"start":{"line":7,"column":2},"end":{"line":16,"column":3}},"4":{"start":{"line":8,"column":19},"end":{"line":8,"column":67}},"5":{"start":{"line":9,"column":18},"end":{"line":9,"column":40}},"6":{"start":{"line":10,"column":4},"end":{"line":10,"column":54}},"7":{"start":{"line":11,"column":4},"end":{"line":11,"column":32}},"8":{"start":{"line":15,"column":4},"end":{"line":15,"column":16}},"9":{"start":{"line":19,"column":19},"end":{"line":40,"column":1}},"10":{"start":{"line":22,"column":2},"end":{"line":39,"column":3}},"11":{"start":{"line":23,"column":19},"end":{"line":23,"column":46}},"12":{"start":{"line":24,"column":19},"end":{"line":24,"column":82}},"13":{"start":{"line":25,"column":18},"end":{"line":25,"column":40}},"14":{"start":{"line":27,"column":4},"end":{"line":31,"column":5}},"15":{"start":{"line":29,"column":6},"end":{"line":29,"column":56}},"16":{"start":{"line":30,"column":6},"end":{"line":30,"column":13}},"17":{"start":{"line":33,"column":4},"end":{"line":33,"column":54}},"18":{"start":{"line":34,"column":4},"end":{"line":34,"column":35}},"19":{"start":{"line":38,"column":4},"end":{"line":38,"column":16}},"20":{"start":{"line":42,"column":19},"end":{"line":80,"column":1}},"21":{"start":{"line":61,"column":2},"end":{"line":79,"column":3}},"22":{"start":{"line":62,"column":17},"end":{"line":70,"column":5}},"23":{"start":{"line":71,"column":21},"end":{"line":71,"column":78}},"24":{"start":{"line":72,"column":4},"end":{"line":76,"column":5}},"25":{"start":{"line":73,"column":6},"end":{"line":73,"column":29}},"26":{"start":{"line":75,"column":6},"end":{"line":75,"column":96}},"27":{"start":{"line":78,"column":4},"end":{"line":78,"column":16}},"28":{"start":{"line":82,"column":19},"end":{"line":122,"column":1}},"29":{"start":{"line":101,"column":2},"end":{"line":121,"column":3}},"30":{"start":{"line":102,"column":19},"end":{"line":102,"column":46}},"31":{"start":{"line":103,"column":17},"end":{"line":110,"column":5}},"32":{"start":{"line":111,"column":21},"end":{"line":111,"column":96}},"33":{"start":{"line":112,"column":4},"end":{"line":118,"column":5}},"34":{"start":{"line":114,"column":6},"end":{"line":114,"column":29}},"35":{"start":{"line":117,"column":6},"end":{"line":117,"column":92}},"36":{"start":{"line":120,"column":4},"end":{"line":120,"column":16}},"37":{"start":{"line":124,"column":19},"end":{"line":140,"column":1}},"38":{"start":{"line":127,"column":2},"end":{"line":139,"column":3}},"39":{"start":{"line":128,"column":19},"end":{"line":128,"column":46}},"40":{"start":{"line":129,"column":21},"end":{"line":129,"column":89}},"41":{"start":{"line":130,"column":4},"end":{"line":136,"column":5}},"42":{"start":{"line":132,"column":6},"end":{"line":132,"column":29}},"43":{"start":{"line":135,"column":6},"end":{"line":135,"column":92}},"44":{"start":{"line":138,"column":4},"end":{"line":138,"column":16}},"45":{"start":{"line":142,"column":0},"end":{"line":148,"column":2}}},"fnMap":{"0":{"name":"(anonymous_0)","decl":{"start":{"line":4,"column":20},"end":{"line":4,"column":21}},"loc":{"start":{"line":4,"column":46},"end":{"line":17,"column":1}},"line":4},"1":{"name":"(anonymous_1)","decl":{"start":{"line":19,"column":19},"end":{"line":19,"column":20}},"loc":{"start":{"line":19,"column":45},"end":{"line":40,"column":1}},"line":19},"2":{"name":"(anonymous_2)","decl":{"start":{"line":42,"column":19},"end":{"line":42,"column":20}},"loc":{"start":{"line":42,"column":45},"end":{"line":80,"column":1}},"line":42},"3":{"name":"(anonymous_3)","decl":{"start":{"line":82,"column":19},"end":{"line":82,"column":20}},"loc":{"start":{"line":82,"column":45},"end":{"line":122,"column":1}},"line":82},"4":{"name":"(anonymous_4)","decl":{"start":{"line":124,"column":19},"end":{"line":124,"column":20}},"loc":{"start":{"line":124,"column":45},"end":{"line":140,"column":1}},"line":124}},"branchMap":{"0":{"loc":{"start":{"line":27,"column":4},"end":{"line":31,"column":5}},"type":"if","locations":[{"start":{"line":27,"column":4},"end":{"line":31,"column":5}},{"start":{},"end":{}}],"line":27},"1":{"loc":{"start":{"line":72,"column":4},"end":{"line":76,"column":5}},"type":"if","locations":[{"start":{"line":72,"column":4},"end":{"line":76,"column":5}},{"start":{"line":74,"column":11},"end":{"line":76,"column":5}}],"line":72},"2":{"loc":{"start":{"line":75,"column":27},"end":{"line":75,"column":94}},"type":"binary-expr","locations":[{"start":{"line":75,"column":27},"end":{"line":75,"column":41}},{"start":{"line":75,"column":45},"end":{"line":75,"column":94}}],"line":75},"3":{"loc":{"start":{"line":112,"column":4},"end":{"line":118,"column":5}},"type":"if","locations":[{"start":{"line":112,"column":4},"end":{"line":118,"column":5}},{"start":{"line":115,"column":11},"end":{"line":118,"column":5}}],"line":112},"4":{"loc":{"start":{"line":117,"column":27},"end":{"line":117,"column":90}},"type":"binary-expr","locations":[{"start":{"line":117,"column":27},"end":{"line":117,"column":41}},{"start":{"line":117,"column":45},"end":{"line":117,"column":90}}],"line":117},"5":{"loc":{"start":{"line":130,"column":4},"end":{"line":136,"column":5}},"type":"if","locations":[{"start":{"line":130,"column":4},"end":{"line":136,"column":5}},{"start":{"line":133,"column":11},"end":{"line":136,"column":5}}],"line":130},"6":{"loc":{"start":{"line":135,"column":27},"end":{"line":135,"column":90}},"type":"binary-expr","locations":[{"start":{"line":135,"column":27},"end":{"line":135,"column":41}},{"start":{"line":135,"column":45},"end":{"line":135,"column":90}}],"line":135}},"s":{"0":1,"1":1,"2":1,"3":0,"4":0,"5":0,"6":0,"7":0,"8":0,"9":1,"10":0,"11":0,"12":0,"13":0,"14":0,"15":0,"16":0,"17":0,"18":0,"19":0,"20":1,"21":0,"22":0,"23":0,"24":0,"25":0,"26":0,"27":0,"28":1,"29":0,"30":0,"31":0,"32":0,"33":0,"34":0,"35":0,"36":0,"37":1,"38":0,"39":0,"40":0,"41":0,"42":0,"43":0,"44":0,"45":1},"f":{"0":0,"1":0,"2":0,"3":0,"4":0},"b":{"0":[0,0],"1":[0,0],"2":[0,0],"3":[0,0],"4":[0,0],"5":[0,0],"6":[0,0]},"_coverageSchema":"1a1c01bbd47fc00a2c39e90264f33305004495a9","hash":"d131aa976643c354af47d445b946b482b54445b0"}
,"C:\\Users\\12404\\Desktop\\Fall 2023\\cse-341\\week-5\\goal-tracker-web-service\\src\\controllers\\users.controller.js": {"path":"C:\\Users\\12404\\Desktop\\Fall 2023\\cse-341\\week-5\\goal-tracker-web-service\\src\\controllers\\users.controller.js","statementMap":{"0":{"start":{"line":1,"column":16},"end":{"line":1,"column":47}},"1":{"start":{"line":2,"column":17},"end":{"line":2,"column":44}},"2":{"start":{"line":4,"column":20},"end":{"line":17,"column":1}},"3":{"start":{"line":7,"column":2},"end":{"line":16,"column":3}},"4":{"start":{"line":8,"column":19},"end":{"line":8,"column":67}},"5":{"start":{"line":9,"column":18},"end":{"line":9,"column":40}},"6":{"start":{"line":10,"column":4},"end":{"line":10,"column":54}},"7":{"start":{"line":11,"column":4},"end":{"line":11,"column":32}},"8":{"start":{"line":15,"column":4},"end":{"line":15,"column":16}},"9":{"start":{"line":19,"column":19},"end":{"line":40,"column":1}},"10":{"start":{"line":22,"column":2},"end":{"line":39,"column":3}},"11":{"start":{"line":23,"column":19},"end":{"line":23,"column":46}},"12":{"start":{"line":24,"column":19},"end":{"line":24,"column":82}},"13":{"start":{"line":25,"column":18},"end":{"line":25,"column":40}},"14":{"start":{"line":27,"column":4},"end":{"line":31,"column":5}},"15":{"start":{"line":29,"column":6},"end":{"line":29,"column":56}},"16":{"start":{"line":30,"column":6},"end":{"line":30,"column":13}},"17":{"start":{"line":33,"column":4},"end":{"line":33,"column":54}},"18":{"start":{"line":34,"column":4},"end":{"line":34,"column":35}},"19":{"start":{"line":38,"column":4},"end":{"line":38,"column":16}},"20":{"start":{"line":42,"column":23},"end":{"line":62,"column":1}},"21":{"start":{"line":45,"column":2},"end":{"line":61,"column":3}},"22":{"start":{"line":46,"column":18},"end":{"line":46,"column":34}},"23":{"start":{"line":47,"column":19},"end":{"line":47,"column":79}},"24":{"start":{"line":49,"column":4},"end":{"line":53,"column":5}},"25":{"start":{"line":51,"column":6},"end":{"line":51,"column":56}},"26":{"start":{"line":52,"column":6},"end":{"line":52,"column":13}},"27":{"start":{"line":55,"column":4},"end":{"line":55,"column":54}},"28":{"start":{"line":56,"column":4},"end":{"line":56,"column":33}},"29":{"start":{"line":60,"column":4},"end":{"line":60,"column":16}},"30":{"start":{"line":64,"column":19},"end":{"line":94,"column":1}},"31":{"start":{"line":79,"column":2},"end":{"line":93,"column":3}},"32":{"start":{"line":80,"column":17},"end":{"line":84,"column":5}},"33":{"start":{"line":85,"column":21},"end":{"line":85,"column":78}},"34":{"start":{"line":86,"column":4},"end":{"line":90,"column":5}},"35":{"start":{"line":87,"column":6},"end":{"line":87,"column":29}},"36":{"start":{"line":89,"column":6},"end":{"line":89,"column":96}},"37":{"start":{"line":92,"column":4},"end":{"line":92,"column":16}},"38":{"start":{"line":96,"column":19},"end":{"line":129,"column":1}},"39":{"start":{"line":111,"column":2},"end":{"line":128,"column":3}},"40":{"start":{"line":112,"column":19},"end":{"line":112,"column":46}},"41":{"start":{"line":113,"column":17},"end":{"line":117,"column":5}},"42":{"start":{"line":118,"column":21},"end":{"line":118,"column":96}},"43":{"start":{"line":119,"column":4},"end":{"line":125,"column":5}},"44":{"start":{"line":121,"column":6},"end":{"line":121,"column":29}},"45":{"start":{"line":124,"column":6},"end":{"line":124,"column":92}},"46":{"start":{"line":127,"column":4},"end":{"line":127,"column":16}},"47":{"start":{"line":131,"column":19},"end":{"line":147,"column":1}},"48":{"start":{"line":134,"column":2},"end":{"line":146,"column":3}},"49":{"start":{"line":135,"column":19},"end":{"line":135,"column":46}},"50":{"start":{"line":136,"column":21},"end":{"line":136,"column":89}},"51":{"start":{"line":137,"column":4},"end":{"line":143,"column":5}},"52":{"start":{"line":139,"column":6},"end":{"line":139,"column":29}},"53":{"start":{"line":142,"column":6},"end":{"line":142,"column":92}},"54":{"start":{"line":145,"column":4},"end":{"line":145,"column":16}},"55":{"start":{"line":149,"column":0},"end":{"line":156,"column":2}}},"fnMap":{"0":{"name":"(anonymous_0)","decl":{"start":{"line":4,"column":20},"end":{"line":4,"column":21}},"loc":{"start":{"line":4,"column":46},"end":{"line":17,"column":1}},"line":4},"1":{"name":"(anonymous_1)","decl":{"start":{"line":19,"column":19},"end":{"line":19,"column":20}},"loc":{"start":{"line":19,"column":45},"end":{"line":40,"column":1}},"line":19},"2":{"name":"(anonymous_2)","decl":{"start":{"line":42,"column":23},"end":{"line":42,"column":24}},"loc":{"start":{"line":42,"column":49},"end":{"line":62,"column":1}},"line":42},"3":{"name":"(anonymous_3)","decl":{"start":{"line":64,"column":19},"end":{"line":64,"column":20}},"loc":{"start":{"line":64,"column":45},"end":{"line":94,"column":1}},"line":64},"4":{"name":"(anonymous_4)","decl":{"start":{"line":96,"column":19},"end":{"line":96,"column":20}},"loc":{"start":{"line":96,"column":45},"end":{"line":129,"column":1}},"line":96},"5":{"name":"(anonymous_5)","decl":{"start":{"line":131,"column":19},"end":{"line":131,"column":20}},"loc":{"start":{"line":131,"column":45},"end":{"line":147,"column":1}},"line":131}},"branchMap":{"0":{"loc":{"start":{"line":27,"column":4},"end":{"line":31,"column":5}},"type":"if","locations":[{"start":{"line":27,"column":4},"end":{"line":31,"column":5}},{"start":{},"end":{}}],"line":27},"1":{"loc":{"start":{"line":49,"column":4},"end":{"line":53,"column":5}},"type":"if","locations":[{"start":{"line":49,"column":4},"end":{"line":53,"column":5}},{"start":{},"end":{}}],"line":49},"2":{"loc":{"start":{"line":86,"column":4},"end":{"line":90,"column":5}},"type":"if","locations":[{"start":{"line":86,"column":4},"end":{"line":90,"column":5}},{"start":{"line":88,"column":11},"end":{"line":90,"column":5}}],"line":86},"3":{"loc":{"start":{"line":89,"column":27},"end":{"line":89,"column":94}},"type":"binary-expr","locations":[{"start":{"line":89,"column":27},"end":{"line":89,"column":41}},{"start":{"line":89,"column":45},"end":{"line":89,"column":94}}],"line":89},"4":{"loc":{"start":{"line":119,"column":4},"end":{"line":125,"column":5}},"type":"if","locations":[{"start":{"line":119,"column":4},"end":{"line":125,"column":5}},{"start":{"line":122,"column":11},"end":{"line":125,"column":5}}],"line":119},"5":{"loc":{"start":{"line":124,"column":27},"end":{"line":124,"column":90}},"type":"binary-expr","locations":[{"start":{"line":124,"column":27},"end":{"line":124,"column":41}},{"start":{"line":124,"column":45},"end":{"line":124,"column":90}}],"line":124},"6":{"loc":{"start":{"line":137,"column":4},"end":{"line":143,"column":5}},"type":"if","locations":[{"start":{"line":137,"column":4},"end":{"line":143,"column":5}},{"start":{"line":140,"column":11},"end":{"line":143,"column":5}}],"line":137},"7":{"loc":{"start":{"line":142,"column":27},"end":{"line":142,"column":90}},"type":"binary-expr","locations":[{"start":{"line":142,"column":27},"end":{"line":142,"column":41}},{"start":{"line":142,"column":45},"end":{"line":142,"column":90}}],"line":142}},"s":{"0":1,"1":1,"2":1,"3":0,"4":0,"5":0,"6":0,"7":0,"8":0,"9":1,"10":0,"11":0,"12":0,"13":0,"14":0,"15":0,"16":0,"17":0,"18":0,"19":0,"20":1,"21":0,"22":0,"23":0,"24":0,"25":0,"26":0,"27":0,"28":0,"29":0,"30":1,"31":0,"32":0,"33":0,"34":0,"35":0,"36":0,"37":0,"38":1,"39":0,"40":0,"41":0,"42":0,"43":0,"44":0,"45":0,"46":0,"47":1,"48":0,"49":0,"50":0,"51":0,"52":0,"53":0,"54":0,"55":1},"f":{"0":0,"1":0,"2":0,"3":0,"4":0,"5":0},"b":{"0":[0,0],"1":[0,0],"2":[0,0],"3":[0,0],"4":[0,0],"5":[0,0],"6":[0,0],"7":[0,0]},"_coverageSchema":"1a1c01bbd47fc00a2c39e90264f33305004495a9","hash":"0a4d0369f2e89c16334fef8fb5bf0bfb7cea025c"}
,"C:\\Users\\12404\\Desktop\\Fall 2023\\cse-341\\week-5\\goal-tracker-web-service\\src\\middleware\\auth.js": {"path":"C:\\Users\\12404\\Desktop\\Fall 2023\\cse-341\\week-5\\goal-tracker-web-service\\src\\middleware\\auth.js","statementMap":{"0":{"start":{"line":1,"column":0},"end":{"line":16,"column":2}},"1":{"start":{"line":3,"column":4},"end":{"line":7,"column":5}},"2":{"start":{"line":4,"column":6},"end":{"line":4,"column":20}},"3":{"start":{"line":6,"column":6},"end":{"line":6,"column":24}},"4":{"start":{"line":10,"column":4},"end":{"line":14,"column":5}},"5":{"start":{"line":11,"column":6},"end":{"line":11,"column":29}},"6":{"start":{"line":13,"column":6},"end":{"line":13,"column":20}}},"fnMap":{"0":{"name":"(anonymous_0)","decl":{"start":{"line":2,"column":14},"end":{"line":2,"column":15}},"loc":{"start":{"line":2,"column":40},"end":{"line":8,"column":3}},"line":2},"1":{"name":"(anonymous_1)","decl":{"start":{"line":9,"column":15},"end":{"line":9,"column":16}},"loc":{"start":{"line":9,"column":41},"end":{"line":15,"column":3}},"line":9}},"branchMap":{"0":{"loc":{"start":{"line":3,"column":4},"end":{"line":7,"column":5}},"type":"if","locations":[{"start":{"line":3,"column":4},"end":{"line":7,"column":5}},{"start":{"line":5,"column":11},"end":{"line":7,"column":5}}],"line":3},"1":{"loc":{"start":{"line":10,"column":4},"end":{"line":14,"column":5}},"type":"if","locations":[{"start":{"line":10,"column":4},"end":{"line":14,"column":5}},{"start":{"line":12,"column":11},"end":{"line":14,"column":5}}],"line":10}},"s":{"0":1,"1":2,"2":0,"3":2,"4":0,"5":0,"6":0},"f":{"0":2,"1":0},"b":{"0":[0,2],"1":[0,0]},"_coverageSchema":"1a1c01bbd47fc00a2c39e90264f33305004495a9","hash":"88448454e0a0717845f204045bb17621e319b76b"}
,"C:\\Users\\12404\\Desktop\\Fall 2023\\cse-341\\week-5\\goal-tracker-web-service\\src\\routes\\auth.js": {"path":"C:\\Users\\12404\\Desktop\\Fall 2023\\cse-341\\week-5\\goal-tracker-web-service\\src\\routes\\auth.js","statementMap":{"0":{"start":{"line":1,"column":16},"end":{"line":1,"column":34}},"1":{"start":{"line":2,"column":15},"end":{"line":2,"column":31}},"2":{"start":{"line":3,"column":17},"end":{"line":3,"column":36}},"3":{"start":{"line":6,"column":0},"end":{"line":6,"column":79}},"4":{"start":{"line":9,"column":0},"end":{"line":17,"column":2}},"5":{"start":{"line":15,"column":4},"end":{"line":15,"column":27}},"6":{"start":{"line":22,"column":0},"end":{"line":29,"column":3}},"7":{"start":{"line":23,"column":2},"end":{"line":28,"column":5}},"8":{"start":{"line":24,"column":4},"end":{"line":26,"column":5}},"9":{"start":{"line":25,"column":6},"end":{"line":25,"column":23}},"10":{"start":{"line":27,"column":4},"end":{"line":27,"column":22}},"11":{"start":{"line":31,"column":0},"end":{"line":31,"column":24}}},"fnMap":{"0":{"name":"(anonymous_0)","decl":{"start":{"line":14,"column":2},"end":{"line":14,"column":3}},"loc":{"start":{"line":14,"column":16},"end":{"line":16,"column":3}},"line":14},"1":{"name":"(anonymous_1)","decl":{"start":{"line":22,"column":22},"end":{"line":22,"column":23}},"loc":{"start":{"line":22,"column":36},"end":{"line":29,"column":1}},"line":22},"2":{"name":"(anonymous_2)","decl":{"start":{"line":23,"column":13},"end":{"line":23,"column":14}},"loc":{"start":{"line":23,"column":28},"end":{"line":28,"column":3}},"line":23}},"branchMap":{"0":{"loc":{"start":{"line":24,"column":4},"end":{"line":26,"column":5}},"type":"if","locations":[{"start":{"line":24,"column":4},"end":{"line":26,"column":5}},{"start":{},"end":{}}],"line":24}},"s":{"0":1,"1":1,"2":1,"3":1,"4":1,"5":0,"6":1,"7":0,"8":0,"9":0,"10":0,"11":1},"f":{"0":0,"1":0,"2":0},"b":{"0":[0,0]},"_coverageSchema":"1a1c01bbd47fc00a2c39e90264f33305004495a9","hash":"c7abecc71fd105541bb20953baa5495e61b97a81"}
,"C:\\Users\\12404\\Desktop\\Fall 2023\\cse-341\\week-5\\goal-tracker-web-service\\src\\routes\\categories.route.js": {"path":"C:\\Users\\12404\\Desktop\\Fall 2023\\cse-341\\week-5\\goal-tracker-web-service\\src\\routes\\categories.route.js","statementMap":{"0":{"start":{"line":1,"column":16},"end":{"line":1,"column":34}},"1":{"start":{"line":2,"column":15},"end":{"line":2,"column":31}},"2":{"start":{"line":3,"column":27},"end":{"line":3,"column":74}},"3":{"start":{"line":4,"column":23},"end":{"line":4,"column":52}},"4":{"start":{"line":5,"column":0},"end":{"line":5,"column":65}},"5":{"start":{"line":6,"column":0},"end":{"line":6,"column":66}},"6":{"start":{"line":7,"column":0},"end":{"line":7,"column":64}},"7":{"start":{"line":8,"column":0},"end":{"line":8,"column":66}},"8":{"start":{"line":9,"column":0},"end":{"line":9,"column":69}},"9":{"start":{"line":11,"column":0},"end":{"line":11,"column":24}}},"fnMap":{},"branchMap":{},"s":{"0":1,"1":1,"2":1,"3":1,"4":1,"5":1,"6":1,"7":1,"8":1,"9":1},"f":{},"b":{},"_coverageSchema":"1a1c01bbd47fc00a2c39e90264f33305004495a9","hash":"7a8b9ec08547b68030d82cf7d6057a8c135dfd76"}
,"C:\\Users\\12404\\Desktop\\Fall 2023\\cse-341\\week-5\\goal-tracker-web-service\\src\\routes\\comments.route.js": {"path":"C:\\Users\\12404\\Desktop\\Fall 2023\\cse-341\\week-5\\goal-tracker-web-service\\src\\routes\\comments.route.js","statementMap":{"0":{"start":{"line":1,"column":16},"end":{"line":1,"column":34}},"1":{"start":{"line":2,"column":15},"end":{"line":2,"column":31}},"2":{"start":{"line":3,"column":26},"end":{"line":3,"column":71}},"3":{"start":{"line":4,"column":23},"end":{"line":4,"column":52}},"4":{"start":{"line":6,"column":0},"end":{"line":6,"column":62}},"5":{"start":{"line":7,"column":0},"end":{"line":7,"column":64}},"6":{"start":{"line":8,"column":0},"end":{"line":8,"column":62}},"7":{"start":{"line":9,"column":0},"end":{"line":9,"column":64}},"8":{"start":{"line":10,"column":0},"end":{"line":10,"column":67}},"9":{"start":{"line":12,"column":0},"end":{"line":12,"column":24}}},"fnMap":{},"branchMap":{},"s":{"0":1,"1":1,"2":1,"3":1,"4":1,"5":1,"6":1,"7":1,"8":1,"9":1},"f":{},"b":{},"_coverageSchema":"1a1c01bbd47fc00a2c39e90264f33305004495a9","hash":"285df10fb8e47e6cf2020800a298eb020d5a2c84"}
,"C:\\Users\\12404\\Desktop\\Fall 2023\\cse-341\\week-5\\goal-tracker-web-service\\src\\routes\\goals.route.js": {"path":"C:\\Users\\12404\\Desktop\\Fall 2023\\cse-341\\week-5\\goal-tracker-web-service\\src\\routes\\goals.route.js","statementMap":{"0":{"start":{"line":1,"column":16},"end":{"line":1,"column":34}},"1":{"start":{"line":2,"column":15},"end":{"line":2,"column":31}},"2":{"start":{"line":3,"column":23},"end":{"line":3,"column":65}},"3":{"start":{"line":4,"column":23},"end":{"line":4,"column":52}},"4":{"start":{"line":6,"column":0},"end":{"line":6,"column":56}},"5":{"start":{"line":7,"column":0},"end":{"line":7,"column":58}},"6":{"start":{"line":8,"column":0},"end":{"line":8,"column":56}},"7":{"start":{"line":9,"column":0},"end":{"line":9,"column":58}},"8":{"start":{"line":10,"column":0},"end":{"line":10,"column":61}},"9":{"start":{"line":12,"column":0},"end":{"line":12,"column":24}}},"fnMap":{},"branchMap":{},"s":{"0":1,"1":1,"2":1,"3":1,"4":1,"5":1,"6":1,"7":1,"8":1,"9":1},"f":{},"b":{},"_coverageSchema":"1a1c01bbd47fc00a2c39e90264f33305004495a9","hash":"adc55f48c5f2d59efffdbfb3a40bfeb190ab8366"}
,"C:\\Users\\12404\\Desktop\\Fall 2023\\cse-341\\week-5\\goal-tracker-web-service\\src\\routes\\index.js": {"path":"C:\\Users\\12404\\Desktop\\Fall 2023\\cse-341\\week-5\\goal-tracker-web-service\\src\\routes\\index.js","statementMap":{"0":{"start":{"line":1,"column":15},"end":{"line":1,"column":42}},"1":{"start":{"line":2,"column":25},"end":{"line":2,"column":51}},"2":{"start":{"line":3,"column":16},"end":{"line":3,"column":47}},"3":{"start":{"line":4,"column":36},"end":{"line":4,"column":65}},"4":{"start":{"line":6,"column":0},"end":{"line":6,"column":47}},"5":{"start":{"line":7,"column":0},"end":{"line":7,"column":47}},"6":{"start":{"line":8,"column":0},"end":{"line":8,"column":53}},"7":{"start":{"line":9,"column":0},"end":{"line":9,"column":57}},"8":{"start":{"line":11,"column":0},"end":{"line":11,"column":34}},"9":{"start":{"line":13,"column":0},"end":{"line":15,"column":3}},"10":{"start":{"line":14,"column":2},"end":{"line":14,"column":59}},"11":{"start":{"line":16,"column":0},"end":{"line":22,"column":3}},"12":{"start":{"line":17,"column":2},"end":{"line":21,"column":3}},"13":{"start":{"line":18,"column":4},"end":{"line":18,"column":80}},"14":{"start":{"line":20,"column":4},"end":{"line":20,"column":25}},"15":{"start":{"line":23,"column":0},"end":{"line":23,"column":24}}},"fnMap":{"0":{"name":"(anonymous_0)","decl":{"start":{"line":13,"column":29},"end":{"line":13,"column":30}},"loc":{"start":{"line":13,"column":43},"end":{"line":15,"column":1}},"line":13},"1":{"name":"(anonymous_1)","decl":{"start":{"line":16,"column":33},"end":{"line":16,"column":34}},"loc":{"start":{"line":16,"column":53},"end":{"line":22,"column":1}},"line":16}},"branchMap":{},"s":{"0":1,"1":1,"2":1,"3":1,"4":1,"5":1,"6":1,"7":1,"8":1,"9":1,"10":0,"11":1,"12":0,"13":0,"14":0,"15":1},"f":{"0":0,"1":0},"b":{},"_coverageSchema":"1a1c01bbd47fc00a2c39e90264f33305004495a9","hash":"73bfd269c6fc2e6b615b4f5256a8d07b94726a0e"}
,"C:\\Users\\12404\\Desktop\\Fall 2023\\cse-341\\week-5\\goal-tracker-web-service\\src\\routes\\users.route.js": {"path":"C:\\Users\\12404\\Desktop\\Fall 2023\\cse-341\\week-5\\goal-tracker-web-service\\src\\routes\\users.route.js","statementMap":{"0":{"start":{"line":1,"column":16},"end":{"line":1,"column":34}},"1":{"start":{"line":2,"column":15},"end":{"line":2,"column":31}},"2":{"start":{"line":3,"column":23},"end":{"line":3,"column":65}},"3":{"start":{"line":4,"column":23},"end":{"line":4,"column":52}},"4":{"start":{"line":6,"column":0},"end":{"line":6,"column":56}},"5":{"start":{"line":7,"column":0},"end":{"line":7,"column":58}},"6":{"start":{"line":9,"column":0},"end":{"line":9,"column":56}},"7":{"start":{"line":10,"column":0},"end":{"line":10,"column":58}},"8":{"start":{"line":11,"column":0},"end":{"line":11,"column":61}},"9":{"start":{"line":13,"column":0},"end":{"line":13,"column":24}}},"fnMap":{},"branchMap":{},"s":{"0":1,"1":1,"2":1,"3":1,"4":1,"5":1,"6":1,"7":1,"8":1,"9":1},"f":{},"b":{},"_coverageSchema":"1a1c01bbd47fc00a2c39e90264f33305004495a9","hash":"0ac443b4270afe00068db55e0d49508f889e458b"}
}
