TN:
SF:index.js
FN:20,(anonymous_0)
FN:48,(anonymous_1)
FN:52,(anonymous_2)
FN:58,(anonymous_3)
FN:62,(anonymous_4)
FNF:5
FNH:3
FNDA:20,(anonymous_0)
FNDA:0,(anonymous_1)
FNDA:0,(anonymous_2)
FNDA:1,(anonymous_3)
FNDA:1,(anonymous_4)
DA:1,1
DA:2,1
DA:3,1
DA:4,1
DA:5,1
DA:6,1
DA:7,1
DA:8,1
DA:10,1
DA:12,1
DA:14,1
DA:16,1
DA:18,1
DA:20,1
DA:21,20
DA:24,20
DA:27,20
DA:31,20
DA:34,1
DA:43,1
DA:44,1
DA:46,1
DA:47,1
DA:48,1
DA:49,0
DA:52,1
DA:53,0
DA:58,1
DA:59,1
DA:60,0
DA:62,1
DA:66,1
LF:32
LH:29
BRDA:12,0,0,1
BRDA:12,0,1,1
BRDA:59,1,0,0
BRDA:59,1,1,1
BRF:4
BRH:3
end_of_record
TN:
SF:src/config/index.js
FNF:0
FNH:0
DA:2,1
DA:5,1
DA:7,1
LF:3
LH:3
BRF:0
BRH:0
end_of_record
