TN:
SF:src/controllers/users.controller.js
FN:4,(anonymous_0)
FN:18,(anonymous_1)
FN:40,(anonymous_2)
FN:61,(anonymous_3)
FN:103,(anonymous_4)
FN:148,(anonymous_5)
FNF:6
FNH:5
FNDA:1,(anonymous_0)
FNDA:1,(anonymous_1)
FNDA:0,(anonymous_2)
FNDA:1,(anonymous_3)
FNDA:1,(anonymous_4)
FNDA:1,(anonymous_5)
DA:1,1
DA:2,1
DA:4,1
DA:7,1
DA:8,1
DA:9,1
DA:10,1
DA:11,1
DA:13,0
DA:14,0
DA:18,1
DA:21,1
DA:22,1
DA:23,1
DA:24,1
DA:26,1
DA:28,0
DA:29,0
DA:32,1
DA:33,1
DA:35,0
DA:36,0
DA:40,1
DA:43,0
DA:44,0
DA:45,0
DA:47,0
DA:49,0
DA:50,0
DA:53,0
DA:54,0
DA:56,0
DA:57,0
DA:61,1
DA:79,1
DA:80,1
DA:81,0
DA:82,0
DA:84,1
DA:91,1
DA:92,1
DA:93,1
DA:95,0
DA:98,0
DA:99,0
DA:103,1
DA:121,1
DA:122,1
DA:123,0
DA:124,0
DA:126,1
DA:127,1
DA:134,1
DA:135,1
DA:137,1
DA:140,0
DA:143,0
DA:144,0
DA:148,1
DA:151,1
DA:152,1
DA:153,1
DA:154,1
DA:156,0
DA:159,1
DA:162,0
DA:163,0
DA:167,1
LF:68
LH:39
BRDA:26,0,0,0
BRDA:26,0,1,1
BRDA:47,1,0,0
BRDA:47,1,1,0
BRDA:80,2,0,0
BRDA:80,2,1,1
BRDA:92,3,0,1
BRDA:92,3,1,0
BRDA:95,4,0,0
BRDA:95,4,1,0
BRDA:122,5,0,0
BRDA:122,5,1,1
BRDA:135,6,0,1
BRDA:135,6,1,0
BRDA:140,7,0,0
BRDA:140,7,1,0
BRDA:154,8,0,0
BRDA:154,8,1,1
BRDA:159,9,0,1
BRDA:159,9,1,1
BRF:20
BRH:8
end_of_record
